<?xml version="1.0" encoding="UTF-8"?>
<!-- Generated by org.testng.reporters.JUnitXMLReporter -->
<testsuite hostname="LP-6B2CVY1" ignored="0" name="Test" tests="3" failures="0" timestamp="07 Jan 2018 12:50:58 GMT" time="17.894" errors="0">
  <testcase name="CreateLoan" time="7.165" classname="in.com.selenium.pages.createLoanPage"/>
  <testcase name="trackLoan" time="3.954" classname="in.com.selenium.pages.createLoanPage"/>
  <testcase name="updateBrokerDetails" time="5.384" classname="in.com.selenium.pages.createLoanPage"/>
</testsuite> <!-- Test -->
